Start testing: Nov 21 22:50 WET
----------------------------------------------------------
1/1 Testing: ExampleTests
1/1 Test: ExampleTests
Command: "/home/jcspereira/psw/Skull_King/build/tests/ExampleTests"
Directory: /home/jcspereira/psw/Skull_King/build/tests
"ExampleTests" start time: Nov 21 22:50 WET
Output:
----------------------------------------------------------
Running main() from /home/jcspereira/psw/Skull_King/build/_deps/googletest-src/googletest/src/gtest_main.cc
[==========] Running 1 test from 1 test suite.
[----------] Global test environment set-up.
[----------] 1 test from Tests_player
[ RUN      ] Tests_player.pl
[       OK ] Tests_player.pl (0 ms)
[----------] 1 test from Tests_player (0 ms total)

[----------] Global test environment tear-down
[==========] 1 test from 1 test suite ran. (0 ms total)
[  PASSED  ] 1 test.
<end of output>
Test time =   0.00 sec
----------------------------------------------------------
Test Passed.
"ExampleTests" end time: Nov 21 22:50 WET
"ExampleTests" time elapsed: 00:00:00
----------------------------------------------------------

End testing: Nov 21 22:50 WET
