Start testing: Nov 16 21:45 WET
----------------------------------------------------------
1/1 Testing: ExampleTests
1/1 Test: ExampleTests
Command: "/home/jcspereira/psw/Skull_King/build/tests/ExampleTests"
Directory: /home/jcspereira/psw/Skull_King/build/tests
"ExampleTests" start time: Nov 16 21:45 WET
Output:
----------------------------------------------------------
Running main() from /home/jcspereira/psw/Skull_King/googletest/googletest/src/gtest_main.cc
[==========] Running 1 test from 1 test suite.
[----------] Global test environment set-up.
[----------] 1 test from ExampleTests
[ RUN      ] ExampleTests.WIN
WIN

Player player points: 100
Player player points: -20
Player player points: -10
Player player points: 40
The winner is Player player with 100 points
[       OK ] ExampleTests.WIN (0 ms)
[----------] 1 test from ExampleTests (0 ms total)

[----------] Global test environment tear-down
[==========] 1 test from 1 test suite ran. (0 ms total)
[  PASSED  ] 1 test.
<end of output>
Test time =   0.00 sec
----------------------------------------------------------
Test Passed.
"ExampleTests" end time: Nov 16 21:45 WET
"ExampleTests" time elapsed: 00:00:00
----------------------------------------------------------

End testing: Nov 16 21:45 WET
