Start testing: Nov 18 01:16 WET
----------------------------------------------------------
1/1 Testing: ExampleTests
1/1 Test: ExampleTests
Command: "/home/jcspereira/psw/Skull_King/build/tests/ExampleTests"
Directory: /home/jcspereira/psw/Skull_King/build/tests
"ExampleTests" start time: Nov 18 01:16 WET
Output:
----------------------------------------------------------
Running main() from /home/jcspereira/psw/Skull_King/googletest/googletest/src/gtest_main.cc
[==========] Running 2 tests from 1 test suite.
[----------] Global test environment set-up.
[----------] 2 tests from ExampleTests
[ RUN      ] ExampleTests.WIN

Player player points: 100
Player player points: -20
Player player points: -10
Player player points: 40
The winner is Player player with 100 points
[       OK ] ExampleTests.WIN (0 ms)
[ RUN      ] ExampleTests.cards
CARD
Color 0
Max 7
Pos 0
Color 0
Color 0
Color 0
Player player win
Color 1
Color 1
Max 13
Pos 1
Color 1
Player player win
Color 2
Color 2
Player player win
[       OK ] ExampleTests.cards (0 ms)
[----------] 2 tests from ExampleTests (0 ms total)

[----------] Global test environment tear-down
[==========] 2 tests from 1 test suite ran. (0 ms total)
[  PASSED  ] 2 tests.
<end of output>
Test time =   0.00 sec
----------------------------------------------------------
Test Passed.
"ExampleTests" end time: Nov 18 01:16 WET
"ExampleTests" time elapsed: 00:00:00
----------------------------------------------------------

End testing: Nov 18 01:16 WET
