Start testing: Nov 19 23:43 WET
----------------------------------------------------------
1/1 Testing: ExampleTests
1/1 Test: ExampleTests
Command: "/home/jcspereira/psw/Skull_King/build/tests/ExampleTests"
Directory: /home/jcspereira/psw/Skull_King/build/tests
"ExampleTests" start time: Nov 19 23:43 WET
Output:
----------------------------------------------------------
Running main() from /home/jcspereira/psw/Skull_King/build/_deps/googletest-src/googletest/src/gtest_main.cc
[==========] Running 2 tests from 2 test suites.
[----------] Global test environment set-up.
[----------] 1 test from Tests_Win_player
[ RUN      ] Tests_Win_player.WIN

Player player points: 100
Player player points: -20
Player player points: -10
Player player points: 40
The winner is Player player with 100 points
[       OK ] Tests_Win_player.WIN (0 ms)
[----------] 1 test from Tests_Win_player (0 ms total)

[----------] 1 test from Tests_cards
[ RUN      ] Tests_cards.cards
CARD
Test red cards
Test blue cards
Test one black card
Test pirate and escape cards
Test mermaid card
/home/jcspereira/psw/Skull_King/tests/Unittests.cpp:124: Failure
Expected equality of these values:
  2
  g.checkwin(card_test, check_color)
    Which is: 0
[  FAILED  ] Tests_cards.cards (0 ms)
[----------] 1 test from Tests_cards (0 ms total)

[----------] Global test environment tear-down
[==========] 2 tests from 2 test suites ran. (0 ms total)
[  PASSED  ] 1 test.
[  FAILED  ] 1 test, listed below:
[  FAILED  ] Tests_cards.cards

 1 FAILED TEST
<end of output>
Test time =   0.01 sec
----------------------------------------------------------
Test Failed.
"ExampleTests" end time: Nov 19 23:43 WET
"ExampleTests" time elapsed: 00:00:00
----------------------------------------------------------

End testing: Nov 19 23:43 WET
