Start testing: Nov 15 01:51 WET
----------------------------------------------------------
1/1 Testing: ExampleTests
1/1 Test: ExampleTests
Command: "/home/jcspereira/psw/Skull_King/build/tests/ExampleTests"
Directory: /home/jcspereira/psw/Skull_King/build/tests
"ExampleTests" start time: Nov 15 01:51 WET
Output:
----------------------------------------------------------
Running main() from /home/jcspereira/psw/Skull_King/googletest/googletest/src/gtest_main.cc
[==========] Running 1 test from 1 test suite.
[----------] Global test environment set-up.
[----------] 1 test from ExampleTests
[ RUN      ] ExampleTests.WIN
WIN
<end of output>
Test time =   0.04 sec
----------------------------------------------------------
Test Failed.
"ExampleTests" end time: Nov 15 01:51 WET
"ExampleTests" time elapsed: 00:00:00
----------------------------------------------------------

End testing: Nov 15 01:51 WET
