Start testing: Nov 16 19:04 WET
----------------------------------------------------------
1/1 Testing: ExampleTests
1/1 Test: ExampleTests
Command: "/home/jcspereira/psw/Skull_King/build/tests/ExampleTests"
Directory: /home/jcspereira/psw/Skull_King/build/tests
"ExampleTests" start time: Nov 16 19:04 WET
Output:
----------------------------------------------------------
Running main() from /home/jcspereira/psw/Skull_King/googletest/googletest/src/gtest_main.cc
[==========] Running 1 test from 1 test suite.
[----------] Global test environment set-up.
[----------] 1 test from ExampleTests2
[ RUN      ] ExampleTests2.Square
[       OK ] ExampleTests2.Square (0 ms)
[----------] 1 test from ExampleTests2 (0 ms total)

[----------] Global test environment tear-down
[==========] 1 test from 1 test suite ran. (0 ms total)
[  PASSED  ] 1 test.
<end of output>
Test time =   0.01 sec
----------------------------------------------------------
Test Passed.
"ExampleTests" end time: Nov 16 19:04 WET
"ExampleTests" time elapsed: 00:00:00
----------------------------------------------------------

End testing: Nov 16 19:04 WET
