<?xml version="1.0" encoding="UTF-8"?>
<Site BuildName="(empty)"
	BuildStamp="20231120-0855-Experimental"
	Name="(empty)"
	Generator="ctest-3.22.1"
	CompilerName=""
	CompilerVersion=""
	OSName="Linux"
	Hostname="LAPTOP-M1B52RIK"
	OSRelease="5.15.133.1-microsoft-standard-WSL2"
	OSVersion="#1 SMP Thu Oct 5 21:02:42 UTC 2023"
	OSPlatform="x86_64"
	Is64Bits="1"
	VendorString="AuthenticAMD"
	VendorID="Advanced Micro Devices"
	FamilyID="23"
	ModelID="24"
	ProcessorCacheSize="512"
	NumberOfLogicalCPU="8"
	NumberOfPhysicalCPU="4"
	TotalVirtualMemory="1024"
	TotalPhysicalMemory="3381"
	LogicalProcessorsPerPhysical="2"
	ProcessorClockFrequency="2096"
	>
	<Testing>
		<StartDateTime>Nov 20 15:42 WET</StartDateTime>
		<StartTestTime>1700494931</StartTestTime>
		<TestList>
			<Test>./tests/ExampleTests</Test>
		</TestList>
		<Test Status="passed">
			<Name>ExampleTests</Name>
			<Path>./tests</Path>
			<FullName>./tests/ExampleTests</FullName>
			<FullCommandLine>/home/jcspereira/psw/Skull_King/build/tests/ExampleTests</FullCommandLine>
			<Results>
				<NamedMeasurement type="numeric/double" name="Execution Time">
					<Value>0.00508624</Value>
				</NamedMeasurement>
				<NamedMeasurement type="numeric/double" name="Processors">
					<Value>1</Value>
				</NamedMeasurement>
				<NamedMeasurement type="text/string" name="Completion Status">
					<Value>Completed</Value>
				</NamedMeasurement>
				<NamedMeasurement type="text/string" name="Command Line">
					<Value>/home/jcspereira/psw/Skull_King/build/tests/ExampleTests</Value>
				</NamedMeasurement>
				<NamedMeasurement type="text/string" name="Environment">
					<Value>#CTEST_RESOURCE_GROUP_COUNT=</Value>
				</NamedMeasurement>
				<Measurement>
					<Value encoding="base64" compression="gzip">eJyNUsFuwjAMvecrfByHNgXtNGkHNKZpQmKoMHFAqAqtBxlpUiXpqv39kqZCZaMaviR+79lOrJfWUnJ5gJJxeTeCD61KoEdVIv3MTYUauWa0Mg1dnWohsrnT0n3NRUGzAitDD0odBFo0NjI676W0Tf0t873jPCfbx3PsIO0GT8BrTJgcEjA1d2dMttE5dvAi1J6JIED5xbWSJUonRhvV1S/xOOjapmvfP9twmVWCfaMmW0jfF9DG7g8bb14XhCzbO1Tdobi05gHGSTLARJNBZjzE3CdkfURouJQO5QYuZQ23Rz+x07tXh3ibD7wa7hIozej2RYQCsMoyMSL/1eVMF+ba7loiDvTTNJ0RD4PGAgLWpntRYz9XEh3G8lMLBqxyXrMITBaAJmfVRUGJ2vmo6MlbR4J3ZACvLKj3tBu309NeX8yQDS0yHRWqkZc2H7Y3aCbjy0nuB8vpavU888vtKmPyAxrvLeg=</Value>
				</Measurement>
			</Results>
		</Test>
		<EndDateTime>Nov 20 15:42 WET</EndDateTime>
		<EndTestTime>1700494931</EndTestTime>
		<ElapsedMinutes>0</ElapsedMinutes>
	</Testing>
</Site>
