<?xml version="1.0" encoding="UTF-8"?>
<Site BuildName="(empty)"
	BuildStamp="20231116-1105-Experimental"
	Name="(empty)"
	Generator="ctest-3.22.1"
	CompilerName=""
	CompilerVersion=""
	OSName="Linux"
	Hostname="LAPTOP-M1B52RIK"
	OSRelease="5.15.133.1-microsoft-standard-WSL2"
	OSVersion="#1 SMP Thu Oct 5 21:02:42 UTC 2023"
	OSPlatform="x86_64"
	Is64Bits="1"
	VendorString="AuthenticAMD"
	VendorID="Advanced Micro Devices"
	FamilyID="23"
	ModelID="24"
	ProcessorCacheSize="512"
	NumberOfLogicalCPU="8"
	NumberOfPhysicalCPU="4"
	TotalVirtualMemory="1024"
	TotalPhysicalMemory="3381"
	LogicalProcessorsPerPhysical="2"
	ProcessorClockFrequency="2096"
	>
	<Testing>
		<StartDateTime>Nov 16 21:45 WET</StartDateTime>
		<StartTestTime>1700171145</StartTestTime>
		<TestList>
			<Test>./tests/ExampleTests</Test>
		</TestList>
		<Test Status="passed">
			<Name>ExampleTests</Name>
			<Path>./tests</Path>
			<FullName>./tests/ExampleTests</FullName>
			<FullCommandLine>/home/jcspereira/psw/Skull_King/build/tests/ExampleTests</FullCommandLine>
			<Results>
				<NamedMeasurement type="numeric/double" name="Execution Time">
					<Value>0.00396257</Value>
				</NamedMeasurement>
				<NamedMeasurement type="numeric/double" name="Processors">
					<Value>1</Value>
				</NamedMeasurement>
				<NamedMeasurement type="text/string" name="Completion Status">
					<Value>Completed</Value>
				</NamedMeasurement>
				<NamedMeasurement type="text/string" name="Command Line">
					<Value>/home/jcspereira/psw/Skull_King/build/tests/ExampleTests</Value>
				</NamedMeasurement>
				<NamedMeasurement type="text/string" name="Environment">
					<Value>#CTEST_RESOURCE_GROUP_COUNT=</Value>
				</NamedMeasurement>
				<Measurement>
					<Value encoding="base64" compression="gzip">eJyNkU1LxDAQhu/5FXPcHtq04knwILiILKxLu+KhlCXWsY3moySp1X9vYsuylS3sQMgw78O8w0zeK8VVA5JxtYrg3WgJtNUS6UdtOzTIDaOdHWjx2Qtx2HiWNlo3Ah1ad5paU9MmZIfQK6lrUt4eo4J8MsogMKPRlNueO0xIGR+jggehX5kYdVRf3GglUXkWXdx3/+DTnutvJjuBe1+wpIT8eQt/Uc2U5OVxS8IjO8F+0EA3fZorZ28gS9MFJb5aVLIl5Tol+xZh4Er5Krcwxwbu2uA48X7qMZ42Z6aGVQrSRpctYITBacdERC7bsENm4jc9qPn9lu4Ghqlk7uPn390Vxfo+bH1kE/IL0aDGkQ==</Value>
				</Measurement>
			</Results>
		</Test>
		<EndDateTime>Nov 16 21:45 WET</EndDateTime>
		<EndTestTime>1700171145</EndTestTime>
		<ElapsedMinutes>0</ElapsedMinutes>
	</Testing>
</Site>
