<?xml version="1.0" encoding="UTF-8"?>
<Site BuildName="(empty)"
	BuildStamp="20231126-0110-Experimental"
	Name="(empty)"
	Generator="ctest-3.22.1"
	CompilerName=""
	CompilerVersion=""
	OSName="Linux"
	Hostname="LAPTOP-M1B52RIK"
	OSRelease="5.15.133.1-microsoft-standard-WSL2"
	OSVersion="#1 SMP Thu Oct 5 21:02:42 UTC 2023"
	OSPlatform="x86_64"
	Is64Bits="1"
	VendorString="AuthenticAMD"
	VendorID="Advanced Micro Devices"
	FamilyID="23"
	ModelID="24"
	ProcessorCacheSize="512"
	NumberOfLogicalCPU="8"
	NumberOfPhysicalCPU="4"
	TotalVirtualMemory="1024"
	TotalPhysicalMemory="3381"
	LogicalProcessorsPerPhysical="2"
	ProcessorClockFrequency="2096"
	>
	<Testing>
		<StartDateTime>Nov 26 02:13 WET</StartDateTime>
		<StartTestTime>1700964811</StartTestTime>
		<TestList>
			<Test>./tests/ExampleTests</Test>
		</TestList>
		<Test Status="passed">
			<Name>ExampleTests</Name>
			<Path>./tests</Path>
			<FullName>./tests/ExampleTests</FullName>
			<FullCommandLine>/home/jcspereira/psw/Skull_King/build/tests/ExampleTests</FullCommandLine>
			<Results>
				<NamedMeasurement type="numeric/double" name="Execution Time">
					<Value>0.00419353</Value>
				</NamedMeasurement>
				<NamedMeasurement type="numeric/double" name="Processors">
					<Value>1</Value>
				</NamedMeasurement>
				<NamedMeasurement type="text/string" name="Completion Status">
					<Value>Completed</Value>
				</NamedMeasurement>
				<NamedMeasurement type="text/string" name="Command Line">
					<Value>/home/jcspereira/psw/Skull_King/build/tests/ExampleTests</Value>
				</NamedMeasurement>
				<NamedMeasurement type="text/string" name="Environment">
					<Value>#CTEST_RESOURCE_GROUP_COUNT=</Value>
				</NamedMeasurement>
				<Measurement>
					<Value encoding="base64" compression="gzip">eJyNU11LwzAUfe+vuI/uYf2aT4IPoiAiqEzFhzFGmt6t0TQJSer035uPObutBQOlueec+9HTZN4JwcQGWsLE2QTWWraQNbLF7J0ahRqZJpky2+z5o+N8de+0WdUxXmerGpXJNlJuOFo0dmo07YVZCP1u5WunlCaLy/1awnzXeAZeY2LnMgRgOubeabKY7tcSbrmsCI8CFJ9MS9GicGK0004diYuoC0VffP0VJbo2yQLmrw8Q1rJPpJG+vprfJB4GjTVELIQV77AfS4EOI/QjgBFTziqLQEQNaChRBwktamdD3ZMHQ8EbOgz6OgdZizg3PN4PzQ5nObRm8i8bohastIRPksOUsv8/Yo7i5Bv1kHeRSd/uHhL/JE8hBrV7SSasuYAiz0eYaTnKFGPMeZ68NAhbJoRDmYFD2ZbZxnfc6Ydc+5t6b9ropyl+NMbMdz7CigGsDNgJWKF18r0zJ8U9X47yReDzHn/S4Jc6cXY26G2apsFOHU71GqzbhzMjO6s6C1tiHNfKT3cfDBMUgbnr90UR3TEK4salNpLXPrvIy3OovsPl/QF+yG6a====</Value>
				</Measurement>
			</Results>
		</Test>
		<EndDateTime>Nov 26 02:13 WET</EndDateTime>
		<EndTestTime>1700964811</EndTestTime>
		<ElapsedMinutes>0</ElapsedMinutes>
	</Testing>
</Site>
